TN:
SF:app/composables/useAuth.ts
FN:4,(anonymous_0)
FN:5,(anonymous_1)
FN:6,(anonymous_2)
FN:8,(anonymous_3)
FN:18,(anonymous_4)
FNF:5
FNH:5
FNDA:25,(anonymous_0)
FNDA:2,(anonymous_1)
FNDA:1,(anonymous_2)
FNDA:8,(anonymous_3)
FNDA:3,(anonymous_4)
DA:4,7
DA:5,25
DA:6,25
DA:8,25
DA:9,8
DA:10,8
DA:11,8
DA:12,6
DA:14,8
DA:18,25
DA:19,3
DA:20,3
DA:22,3
DA:25,25
LF:14
LH:14
BRF:0
BRH:0
end_of_record
TN:
SF:app/composables/useAuthModal.ts
FN:1,(anonymous_0)
FN:2,(anonymous_1)
FN:3,(anonymous_2)
FN:5,(anonymous_3)
FN:10,(anonymous_4)
FN:15,(anonymous_5)
FNF:6
FNH:6
FNDA:19,(anonymous_0)
FNDA:1,(anonymous_1)
FNDA:1,(anonymous_2)
FNDA:5,(anonymous_3)
FNDA:5,(anonymous_4)
FNDA:3,(anonymous_5)
DA:1,7
DA:2,19
DA:3,19
DA:5,19
DA:6,5
DA:7,5
DA:10,19
DA:11,5
DA:12,5
DA:15,19
DA:16,3
DA:19,19
LF:12
LH:12
BRF:0
BRH:0
end_of_record
TN:
SF:app/utils/address.ts
FN:12,getAddressComponent
FN:17,(anonymous_1)
FN:28,formatGooglePlaceToAddressGeocode
FN:82,createAddressGeocode
FN:109,hasValidGeocode
FN:129,mergeAddressGeocode
FNF:6
FNH:6
FNDA:77,getAddressComponent
FNDA:138,(anonymous_1)
FNDA:17,formatGooglePlaceToAddressGeocode
FNDA:5,createAddressGeocode
FNDA:15,hasValidGeocode
FNDA:6,mergeAddressGeocode
DA:17,138
DA:18,77
DA:31,17
DA:32,3
DA:37,14
DA:45,17
DA:50,17
DA:53,17
DA:54,7
DA:55,7
DA:62,14
DA:64,17
DA:91,5
DA:112,15
DA:133,6
DA:145,6
LF:16
LH:16
BRDA:15,0,0,77
BRDA:18,1,0,15
BRDA:18,1,1,62
BRDA:31,2,0,3
BRDA:31,2,1,14
BRDA:31,3,0,17
BRDA:31,3,1,15
BRDA:37,4,0,14
BRDA:37,4,1,6
BRDA:37,4,2,5
BRDA:37,4,3,4
BRDA:37,4,4,2
BRDA:45,5,0,17
BRDA:45,5,1,6
BRDA:50,6,0,17
BRDA:50,6,1,7
BRDA:53,7,0,7
BRDA:53,7,1,10
BRDA:54,8,0,7
BRDA:54,8,1,2
BRDA:54,8,2,2
BRDA:55,9,0,5
BRDA:55,9,1,2
BRDA:62,10,0,14
BRDA:62,10,1,1
BRDA:65,11,0,17
BRDA:65,11,1,1
BRDA:92,12,0,5
BRDA:92,12,1,4
BRDA:93,13,0,5
BRDA:93,13,1,3
BRDA:94,14,0,5
BRDA:94,14,1,4
BRDA:95,15,0,5
BRDA:95,15,1,4
BRDA:96,16,0,5
BRDA:96,16,1,3
BRDA:97,17,0,5
BRDA:97,17,1,4
BRDA:98,18,0,5
BRDA:98,18,1,3
BRDA:113,19,0,15
BRDA:113,19,1,13
BRDA:113,19,2,12
BRDA:113,19,3,11
BRDA:113,19,4,8
BRDA:113,19,5,2
BRDA:133,20,0,4
BRDA:133,20,1,2
BRF:49
BRH:49
end_of_record
TN:
SF:app/utils/misc.ts
FN:8,(anonymous_0)
FN:22,(anonymous_1)
FN:27,(anonymous_2)
FN:39,(anonymous_3)
FN:47,(anonymous_4)
FN:50,(anonymous_5)
FN:53,(anonymous_6)
FN:68,(anonymous_7)
FNF:8
FNH:8
FNDA:6,(anonymous_0)
FNDA:31,(anonymous_1)
FNDA:18,(anonymous_2)
FNDA:10,(anonymous_3)
FNDA:32,(anonymous_4)
FNDA:10,(anonymous_5)
FNDA:6,(anonymous_6)
FNDA:4,(anonymous_7)
DA:8,1
DA:9,6
DA:10,4
DA:22,1
DA:23,31
DA:24,28
DA:27,1
DA:28,18
DA:29,15
DA:32,1
DA:39,1
DA:43,10
DA:46,8
DA:48,32
DA:50,10
DA:53,1
DA:57,6
DA:60,5
DA:63,5
DA:65,4
DA:68,1
DA:69,4
DA:71,3
DA:73,2
DA:75,1
LF:25
LH:25
BRDA:9,0,0,2
BRDA:9,0,1,4
BRDA:23,1,0,3
BRDA:23,1,1,28
BRDA:23,2,0,31
BRDA:23,2,1,29
BRDA:28,3,0,3
BRDA:28,3,1,15
BRDA:28,4,0,18
BRDA:28,4,1,16
BRDA:43,5,0,2
BRDA:43,5,1,8
BRDA:48,6,0,32
BRDA:48,6,1,24
BRDA:48,6,2,11
BRDA:57,7,0,1
BRDA:57,7,1,5
BRDA:63,8,0,1
BRDA:63,8,1,4
BRDA:63,9,0,5
BRDA:63,9,1,5
BRDA:69,10,0,1
BRDA:69,10,1,3
BRDA:69,11,0,4
BRDA:69,11,1,4
BRDA:69,11,2,4
BRDA:71,12,0,1
BRDA:71,12,1,2
BRDA:73,13,0,1
BRDA:73,13,1,1
BRF:30
BRH:30
end_of_record
TN:
SF:app/utils/order-hub.ts
FN:13,fetchBookingProgress
FN:38,navigateToOrderHub
FN:51,navigateToOrderHubPage
FN:65,handleSubmitWithLoadingState
FN:113,formatAddressGeocode
FN:141,downloadFile
FN:181,uploadComplianceDocument
FN:234,isPassengerGoods
FN:244,isMovingGoods
FN:267,(anonymous_9)
FN:272,(anonymous_10)
FN:273,(anonymous_11)
FN:283,(anonymous_12)
FN:287,(anonymous_13)
FN:296,(anonymous_14)
FN:312,(anonymous_15)
FNF:16
FNH:16
FNDA:4,fetchBookingProgress
FNDA:1,navigateToOrderHub
FNDA:1,navigateToOrderHubPage
FNDA:10,handleSubmitWithLoadingState
FNDA:5,formatAddressGeocode
FNDA:6,downloadFile
FNDA:4,uploadComplianceDocument
FNDA:5,isPassengerGoods
FNDA:4,isMovingGoods
FNDA:6,(anonymous_9)
FNDA:12,(anonymous_10)
FNDA:7,(anonymous_11)
FNDA:5,(anonymous_12)
FNDA:15,(anonymous_13)
FNDA:5,(anonymous_14)
FNDA:4,(anonymous_15)
DA:14,4
DA:15,4
DA:23,2
DA:25,2
DA:26,2
DA:27,1
DA:29,2
DA:39,1
DA:40,1
DA:52,1
DA:53,1
DA:80,10
DA:81,2
DA:84,8
DA:85,8
DA:87,8
DA:88,8
DA:90,4
DA:91,2
DA:94,4
DA:95,4
DA:96,4
DA:98,4
DA:99,1
DA:102,8
DA:122,5
DA:150,6
DA:151,6
DA:158,5
DA:159,5
DA:160,5
DA:161,5
DA:162,5
DA:163,6
DA:164,6
DA:165,6
DA:166,6
DA:168,1
DA:169,1
DA:196,4
DA:198,4
DA:199,4
DA:200,1
DA:203,3
DA:204,3
DA:205,3
DA:207,3
DA:219,3
DA:235,5
DA:245,4
DA:248,1
DA:255,1
DA:267,1
DA:271,6
DA:272,12
DA:273,7
DA:283,1
DA:287,15
DA:296,1
DA:300,5
DA:301,5
DA:302,5
DA:304,5
DA:305,2
DA:308,3
DA:309,1
DA:312,4
DA:314,2
LF:68
LH:68
BRDA:23,0,0,2
BRDA:23,0,1,1
BRDA:26,1,0,1
BRDA:26,1,1,1
BRDA:80,2,0,2
BRDA:80,2,1,8
BRDA:80,3,0,10
BRDA:80,3,1,9
BRDA:90,4,0,2
BRDA:90,4,1,2
BRDA:95,5,0,4
BRDA:95,5,1,2
BRDA:98,6,0,1
BRDA:98,6,1,3
BRDA:123,7,0,5
BRDA:123,7,1,4
BRDA:124,8,0,5
BRDA:124,8,1,3
BRDA:125,9,0,5
BRDA:125,9,1,4
BRDA:126,10,0,5
BRDA:126,10,1,4
BRDA:127,11,0,5
BRDA:127,11,1,3
BRDA:128,12,0,5
BRDA:128,12,1,4
BRDA:129,13,0,5
BRDA:129,13,1,3
BRDA:144,14,0,6
BRDA:153,15,0,5
BRDA:153,15,1,1
BRDA:162,16,0,5
BRDA:162,16,1,3
BRDA:199,17,0,1
BRDA:199,17,1,3
BRDA:269,18,0,6
BRDA:271,19,0,2
BRDA:271,19,1,4
BRDA:271,20,0,6
BRDA:271,20,1,5
BRDA:285,21,0,5
BRDA:287,22,0,15
BRDA:287,22,1,11
BRDA:298,23,0,5
BRDA:304,24,0,2
BRDA:304,24,1,3
BRDA:308,25,0,1
BRDA:308,25,1,2
BRF:48
BRH:48
end_of_record
TN:
SF:app/utils/string.ts
FN:1,(anonymous_0)
FN:10,(anonymous_1)
FN:21,(anonymous_2)
FN:36,(anonymous_3)
FN:41,(anonymous_4)
FN:56,(anonymous_5)
FN:64,(anonymous_6)
FNF:7
FNH:7
FNDA:26,(anonymous_0)
FNDA:11,(anonymous_1)
FNDA:17,(anonymous_2)
FNDA:9,(anonymous_3)
FNDA:13,(anonymous_4)
FNDA:8,(anonymous_5)
FNDA:14,(anonymous_6)
DA:1,1
DA:2,26
DA:4,23
DA:5,23
DA:7,22
DA:10,1
DA:15,11
DA:17,9
DA:21,17
DA:36,1
DA:37,9
DA:39,6
DA:40,6
DA:42,13
DA:43,13
DA:44,6
DA:46,7
DA:56,1
DA:57,8
DA:60,6
DA:64,14
LF:21
LH:21
BRDA:2,0,0,3
BRDA:2,0,1,23
BRDA:2,1,0,26
BRDA:2,1,1,24
BRDA:5,2,0,1
BRDA:5,2,1,22
BRDA:12,3,0,11
BRDA:15,4,0,2
BRDA:15,4,1,9
BRDA:15,5,0,11
BRDA:15,5,1,9
BRDA:23,6,0,2
BRDA:23,6,1,7
BRDA:25,7,0,5
BRDA:25,7,1,2
BRDA:37,8,0,3
BRDA:37,8,1,6
BRDA:37,9,0,9
BRDA:37,9,1,7
BRDA:43,10,0,6
BRDA:43,10,1,7
BRDA:57,11,0,2
BRDA:57,11,1,6
BRDA:57,12,0,8
BRDA:57,12,1,6
BRF:25
BRH:25
end_of_record
